Dataset loaded:
X shape: (9815, 801)
y shape: (9815,)

--- CLASS FILTERING ---
Minimum samples per class required: 3
Original samples: 9815
Filtered samples: 7815
Removed samples : 2000
Original classes: 2302
Remaining classes: 1274

Number of classes after filtering: 1274

--- SPLIT INFO ---
Samples after filtering: 7815
Classes after filtering: 1274
Chosen test_size ratio: 0.2
Chosen test sample count: 1563

Train size: (6252, 801)
Test size : (1563, 801)

Training model...

--- RESULTS ---
Accuracy: 0.6007677543186181

Classification Report:
                              precision    recall  f1-score   support

                  Abramovite       0.00      0.00      0.00         1
                   Acanthite       1.00      1.00      1.00         1
                  Actinolite       0.50      1.00      0.67         4
                     Adamite       1.00      1.00      1.00         1
                Adamsite-(Y)       0.00      0.00      0.00         1
                     Adelite       0.00      0.00      0.00         1
                    Aegirine       1.00      1.00      1.00         4
                 Aenigmatite       1.00      1.00      1.00         1
              Aeschynite-(Y)       0.25      1.00      0.40         1
                   Afghanite       0.00      0.00      0.00         1
                   Afwillite       1.00      1.00      1.00         1
                Agardite-(Y)       0.33      1.00      0.50         1
                    Aheylite       0.00      0.00      0.00         1
                    Aikinite       1.00      1.00      1.00         1
                      Ajoite       1.00      1.00      1.00         1
                  Akermanite       1.00      1.00      1.00         1
                  Alabandite       1.00      1.00      1.00         1
                  Alacranite       0.00      0.00      0.00         1
                      Albite       1.00      0.67      0.80         3
                   Allactite       1.00      1.00      1.00         1
               Allanite-(Ce)       0.00      0.00      0.00         2
                Alleghanyite       0.00      0.00      0.00         1
                   Allophane       0.50      1.00      0.67         1
                   Alloriite       0.00      0.00      0.00         1
                  Alluaudite       0.50      0.50      0.50         2
                   Almandine       0.62      0.83      0.71         6
                   Alstonite       0.50      1.00      0.67         1
                    Alum-(K)       0.00      0.00      0.00         1
                   Aluminite       0.00      0.00      0.00         0
           Alumohydrocalcite       0.00      0.00      0.00         1
          Alumoklyuchevskite       1.00      1.00      1.00         1
                     Alunite       1.00      1.00      1.00         1
                    Alunogen       1.00      1.00      1.00         1
                 Amblygonite       1.00      1.00      1.00         1
                     Amesite       0.00      0.00      0.00         1
                     Amicite       0.50      1.00      0.67         1
                   Ammineite       0.00      0.00      0.00         1
                    Analcime       1.00      1.00      1.00         2
                    Anapaite       0.00      0.00      0.00         1
                     Anatase       0.67      1.00      0.80         2
                  Andalusite       1.00      1.00      1.00         5
                 Andersonite       0.00      0.00      0.00         1
                   Andradite       0.78      1.00      0.88         7
                   Anglesite       1.00      1.00      1.00         1
                   Anhydrite       0.00      0.00      0.00         1
                     Anilite       0.00      0.00      0.00         1
                    Ankerite       1.00      1.00      1.00         1
                 Annabergite       1.00      1.00      1.00         1
                      Annite       1.00      1.00      1.00         1
                   Anorthite       0.50      1.00      0.67         4
               Anthophyllite       0.00      0.00      0.00         1
                    Antimony       0.00      0.00      0.00         1
                   Antlerite       0.00      0.00      0.00         1
                    Apachite       0.00      0.00      0.00         1
                   Aragonite       0.67      1.00      0.80         2
                    Arakiite       0.00      0.00      0.00         1
                 Aravaipaite       0.00      0.00      0.00         1
                Arfvedsonite       0.00      0.00      0.00         2
             Argentojarosite       1.00      1.00      1.00         1
               Argentopyrite       1.00      0.50      0.67         2
                  Argyrodite       0.50      1.00      0.67         1
                   Arhbarite       1.00      1.00      1.00         1
                Arisite-(La)       0.00      0.00      0.00         1
                 Armalcolite       1.00      1.00      1.00         1
                   Armangite       1.00      1.00      1.00         1
            Arrojadite-(KFe)       0.00      0.00      0.00         0
           Arrojadite-(NaFe)       1.00      1.00      1.00         1
            Arsendescloizite       1.00      1.00      1.00         1
                     Arsenic       0.00      0.00      0.00         1
               Arseniopleite       0.00      0.00      0.00         1
             Arseniosiderite       0.00      0.00      0.00         1
            Arsenogorceixite       0.00      0.00      0.00         1
         Arsenohauchecornite       1.00      1.00      1.00         1
                  Arsenolite       1.00      1.00      1.00         1
                Arsenopyrite       0.00      0.00      0.00         1
              Arsentsumebite       1.00      1.00      1.00         1
          Arsenuranospathite       0.00      0.00      0.00         1
                  Artesunate       0.00      0.00      0.00         1
                    Artinite       1.00      1.00      1.00         1
                   Artroeite       1.00      1.00      1.00         1
                    Asbolane       0.00      0.00      0.00         1
                Aschamalmite       1.00      1.00      1.00         1
                Ashburtonite       0.00      0.00      0.00         1
                     Aspirin       0.00      0.00      0.00         1
               Astrophyllite       1.00      1.00      1.00         1
                  Atelestite       1.00      1.00      1.00         1
                    Atenolol       0.00      0.00      0.00         1
                Atorvastatin       0.00      0.00      0.00         1
                   Attikaite       0.00      0.00      0.00         1
                    Augelite       1.00      1.00      1.00         1
                      Augite       0.50      1.00      0.67         1
                Aurichalcite       0.50      1.00      0.67         1
                  Avdoninite       0.00      0.00      0.00         1
                    Awaruite       1.00      1.00      1.00         1
                Axinite-(Fe)       1.00      1.00      1.00         3
                Axinite-(Mn)       1.00      1.00      1.00         1
                     Azurite       0.50      1.00      0.67         1
                Babingtonite       1.00      1.00      1.00         2
                 Baddeleyite       1.00      1.00      1.00         1
                   Bahianite       0.50      1.00      0.67         1
                    Bakerite       0.00      0.00      0.00         1
                     Baotite       0.00      0.00      0.00         1
                Barringerite       1.00      1.00      1.00         1
                    Barylite       1.00      1.00      1.00         1
                  Barysilite       1.00      1.00      1.00         1
                      Baryte       1.00      0.50      0.67         2
               Barytocalcite       0.00      0.00      0.00         1
        Barytolamprophyllite       1.00      1.00      1.00         1
                   Bassetite       0.00      0.00      0.00         1
             Bastnasite-(Ce)       1.00      0.50      0.67         2
                Baumhauerite       0.00      0.00      0.00         1
                    Bavenite       1.00      1.00      1.00         2
                  Bayldonite       1.00      1.00      1.00         1
                     Behoite       1.00      1.00      1.00         1
               Belendorffite       0.00      0.00      0.00         0
                Bellingerite       1.00      1.00      1.00         1
                  Bendadaite       0.00      0.00      0.00         1
                   Benitoite       1.00      1.00      1.00         1
                 Benjaminite       1.00      1.00      1.00         1
               Benleonardite       1.00      1.00      1.00         1
                  Benstonite       1.00      1.00      1.00         1
                   Beraunite       0.00      0.00      0.00         1
                 Berthierite       0.00      0.00      0.00         1
                 Bertrandite       0.00      0.00      0.00         1
                       Beryl       0.27      0.78      0.40         9
                 Beryllonite       1.00      1.00      1.00         2
                Berzelianite       0.00      0.00      0.00         1
                  Beudantite       0.60      1.00      0.75         3
                   Bianchite       0.00      0.00      0.00         0
                   Bieberite       1.00      1.00      1.00         1
                 Bigcreekite       1.00      1.00      1.00         1
                   Bikitaite       1.00      1.00      1.00         1
                    Bilinite       0.00      0.00      0.00         0
                  Billietite       0.00      0.00      0.00         1
                 Bindheimite       1.00      1.00      1.00         1
              Biphosphammite       0.00      0.00      0.00         1
                     Bismite       0.00      0.00      0.00         1
                     Bismuth       0.00      0.00      0.00         1
                Bismuthinite       0.00      0.00      0.00         1
                   Bismutite       1.00      1.00      1.00         1
            Bismutotantalite       0.00      0.00      0.00         1
                  Bjarebyite       1.00      1.00      1.00         1
                     Blodite       0.50      1.00      0.67         1
                 Bobdownsite       1.00      0.50      0.67         2
                 Bobjonesite       1.00      1.00      1.00         1
                Bobtraillite       0.00      0.00      0.00         1
                     Bohmite       1.00      1.00      1.00         1
                     Boleite       0.00      0.00      0.00         1
                   Bonattite       0.00      0.00      0.00         1
                    Boracite       0.00      0.00      0.00         1
                       Borax       0.00      0.00      0.00         1
                   Borcarite       1.00      1.00      1.00         1
                     Bornite       0.00      0.00      0.00         1
                Borocookeite       0.00      0.00      0.00         1
                Botallackite       1.00      1.00      1.00         1
                   Botryogen       1.00      1.00      1.00         1
                  Bournonite       0.50      1.00      0.67         1
             Boussingaultite       0.00      0.00      0.00         1
                    Bowieite       0.00      0.00      0.00         0
              Brackebuschite       0.50      1.00      0.67         1
                Bradaczekite       1.00      1.00      1.00         1
                    Braggite       1.00      1.00      1.00         1
            Braitschite-(Ce)       0.00      0.00      0.00         1
                  Brannerite       1.00      1.00      1.00         1
                 Brannockite       0.33      1.00      0.50         1
                    Braunite       0.60      1.00      0.75         3
                Brazilianite       1.00      1.00      1.00         2
                    Brenkite       0.00      0.00      0.00         1
              Brewsterite-Sr       1.00      1.00      1.00         1
                  Brezinaite       1.00      1.00      1.00         1
                  Britvinite       1.00      1.00      1.00         1
                 Brochantite       0.50      1.00      0.67         2
                Bromargyrite       0.00      0.00      0.00         1
                    Brookite       0.50      0.50      0.50         2
                     Brucite       1.00      1.00      1.00         1
               Brunogeierite       0.00      0.00      0.00         1
                   Bunsenite       1.00      1.00      1.00         1
                  Burbankite       0.00      0.00      0.00         1
                    Burkeite       1.00      1.00      1.00         1
                    Buserite       1.00      1.00      1.00         1
               Bussyite-(Ce)       1.00      1.00      1.00         1
              Buttgenbachite       1.00      1.00      1.00         1
                   Cafarsite       1.00      1.00      1.00         1
                     Cahnite       1.00      1.00      1.00         1
                  Calaverite       0.00      0.00      0.00         1
         Calcioancylite-(Ce)       0.20      1.00      0.33         1
            Calcioburbankite       0.00      0.00      0.00         1
                     Calcite       0.50      0.75      0.60         4
                 Calderonite       0.00      0.00      0.00         1
                  Caledonite       0.00      0.00      0.00         1
                Callaghanite       1.00      1.00      1.00         1
                     Calomel       0.00      0.00      0.00         1
                  Calzirtite       1.00      1.00      1.00         1
                  Cancrinite       1.00      1.00      1.00         1
                    Caresite       1.00      1.00      1.00         1
            Carlosbarbosaite       1.00      1.00      1.00         1
              Carlosturanite       0.00      0.00      0.00         1
                   Carminite       1.00      1.00      1.00         1
                  Carnallite       0.00      0.00      0.00         1
                   Carnotite       0.50      1.00      0.67         1
                  Carpathite       1.00      1.00      1.00         1
                  Carrollite       0.00      0.00      0.00         1
                Caryochroite       0.00      0.00      0.00         1
                 Caryopilite       0.00      0.00      0.00         1
                 Cassiterite       0.67      1.00      0.80         2
                 Catapleiite       1.00      1.00      1.00         2
                   Cavansite       0.00      0.00      0.00         1
              Caysichite-(Y)       0.00      0.00      0.00         0
                Cebaite-(Ce)       0.00      0.00      0.00         1
                   Celestine       1.00      1.00      1.00         1
                     Celsian       0.00      0.00      0.00         1
              Cerianite-(Ce)       1.00      1.00      1.00         1
               Cerite-(CeCa)       0.00      0.00      0.00         1
                   Cerussite       0.00      0.00      0.00         3
                  Cervantite       1.00      1.00      1.00         1
                  Cesbronite       0.00      0.00      0.00         1
                Chabazite-Ca       0.00      0.00      0.00         1
                Chabazite-Na       0.00      0.00      0.00         1
                Chabourneite       0.00      0.00      0.00         1
                Chalcanthite       0.50      1.00      0.67         2
                  Chalcocite       0.00      0.00      0.00         3
                Chalcomenite       1.00      1.00      1.00         1
             Chalconatronite       0.00      0.00      0.00         1
               Chalcophanite       0.50      0.50      0.50         2
                Chalcopyrite       0.30      1.00      0.46         3
              Chalcosiderite       0.00      0.00      0.00         1
               Chalcostibite       1.00      1.00      1.00         1
                 Chambersite       0.00      0.00      0.00         1
                   Chamosite       0.50      1.00      0.67         1
                    Charoite       0.50      1.00      0.67         1
                   Chayesite       0.00      0.00      0.00         1
                 Chenevixite       0.00      0.00      0.00         1
                     Chenite       0.00      0.00      0.00         1
              Chernovite-(Y)       1.00      1.00      1.00         1
                  Chervetite       1.00      1.00      1.00         1
                Chesnokovite       0.50      1.00      0.67         1
             Chevkinite-(Ce)       1.00      1.00      1.00         1
                 Childrenite       0.00      0.00      0.00         1
                Chlorapatite       0.00      0.00      0.00         1
               Chlorartinite       1.00      1.00      1.00         1
              Chlorbartonite       1.00      1.00      1.00         1
                  Chloritoid       1.00      1.00      1.00         1
                  Choloalite       1.00      1.00      1.00         1
                 Chondrodite       0.50      1.00      0.67         1
                    Chromite       0.00      0.00      0.00         1
                 Chrysoberyl       1.00      0.67      0.80         3
                 Chrysocolla       0.00      0.00      0.00         1
                  Chrysotile       0.00      0.00      0.00         1
            Chukhrovite-(Nd)       0.50      1.00      0.67         1
                    Cinnabar       0.00      0.00      0.00         1
              Claringbullite       0.20      1.00      0.33         1
                  Claudetite       0.00      0.00      0.00         1
                Clausthalite       0.00      0.00      0.00         1
              Clinoatacamite       0.00      0.00      0.00         1
                 Clinochlore       1.00      1.00      1.00         1
                  Clinoclase       0.00      0.00      0.00         1
       Clinofergusonite-(Ce)       0.00      0.00      0.00         1
        Clinofergusonite-(Y)       0.00      0.00      0.00         1
                Clinohedrite       1.00      1.00      1.00         1
                 Clinohumite       1.00      1.00      1.00         1
           Clinoptilolite-Ca       0.00      0.00      0.00         1
           Clinoptilolite-Na       1.00      1.00      1.00         1
                Clinozoisite       1.00      1.00      1.00         1
                  Clintonite       0.00      0.00      0.00         1
                  Coalingite       0.00      0.00      0.00         1
             Cobaltarthurite       0.00      0.00      0.00         1
             Cobaltaustinite       0.00      0.00      0.00         1
                   Cobaltite       0.00      0.00      0.00         1
               Cobaltomenite       0.00      0.00      0.00         1
                  Colchicine       0.00      0.00      0.00         1
                  Colemanite       1.00      1.00      1.00         1
                  Collinsite       0.67      1.00      0.80         2
              Columbite-(Fe)       0.50      1.00      0.67         1
                   Congolite       0.00      0.00      0.00         1
                Conichalcite       0.60      1.00      0.75         3
                      Copper       0.00      0.00      0.00         1
                  Coquimbite       0.50      1.00      0.67         1
                  Corderoite       0.00      0.00      0.00         1
                  Cordierite       1.00      1.00      1.00         3
                     Corkite       0.00      0.00      0.00         1
                   Cornetite       0.00      0.00      0.00         1
                 Cornwallite       0.00      0.00      0.00         1
                  Coronadite       0.00      0.00      0.00         1
             Correianevesite       0.00      0.00      0.00         1
                    Corundum       0.36      0.50      0.42         8
                    Cosalite       0.00      0.00      0.00         1
                   Covellite       1.00      1.00      1.00         2
                  Creaseyite       0.50      1.00      0.67         1
                 Crichtonite       0.00      0.00      0.00         1
                Cristobalite       0.00      0.00      0.00         1
                    Crocoite       0.50      0.50      0.50         2
                    Cryolite       1.00      1.00      1.00         1
              Cryolithionite       0.50      1.00      0.67         1
              Cubic zirconia       1.00      1.00      1.00         2
                  Cumengeite       1.00      1.00      1.00         1
                     Cuprite       1.00      1.00      1.00         2
                   Curienite       1.00      1.00      1.00         1
                      Curite       1.00      1.00      1.00         1
                   Cuspidine       0.40      1.00      0.57         2
               Cyanotrichite       1.00      1.00      1.00         1
                  Cylindrite       0.00      0.00      0.00         1
              Dachiardite-Ca       0.00      0.00      0.00         1
                    Danalite       0.00      0.00      0.00         1
                   Danburite       1.00      1.00      1.00         1
                    Datolite       1.00      1.00      1.00         1
               Davidite-(Ce)       0.00      0.00      0.00         1
               Davidite-(La)       0.00      0.00      0.00         2
                      Davyne       0.00      0.00      0.00         1
                   Dawsonite       0.33      1.00      0.50         1
                 Delafossite       1.00      1.00      1.00         1
                 Delhayelite       0.00      0.00      0.00         1
              Demesmaekerite       1.00      1.00      1.00         1
                  Denisovite       0.00      0.00      0.00         1
                 Descloizite       1.00      1.00      1.00         2
                 Destinezite       1.00      1.00      1.00         1
                   Devilline       1.00      1.00      1.00         1
                  Dewindtite       0.00      0.00      0.00         1
                  Diaboleite       1.00      1.00      1.00         1
                  Diadochite       0.00      0.00      0.00         1
                     Diamond       0.07      0.86      0.13         7
                Diaoyudaoite       0.00      0.00      0.00         1
                  Diaphorite       0.00      0.00      0.00         1
                    Diaspore       1.00      1.00      1.00         1
        Dickinsonite-(KMnNa)       0.00      0.00      0.00         1
                     Dickite       0.00      0.00      0.00         1
                    Diopside       0.43      0.75      0.55         8
                    Dioptase       0.00      0.00      0.00         1
               Djerfisherite       0.00      0.00      0.00         1
                   Djurleite       0.00      0.00      0.00         1
               Dolerophanite       1.00      1.00      1.00         1
                    Dolomite       1.00      1.00      1.00         4
                 Dondoellite       1.00      1.00      1.00         1
                     Dravite       0.60      1.00      0.75         3
                Dufrenoysite       0.00      0.00      0.00         1
                     Duftite       0.00      0.00      0.00         1
                Dumortierite       0.00      0.00      0.00         1
                   Dundasite       1.00      1.00      1.00         1
                   Durangite       0.00      0.00      0.00         1
                  Dussertite       1.00      1.00      1.00         1
                  Dwornikite       0.00      0.00      0.00         1
                   Dypingite       0.00      0.00      0.00         1
                   Eastonite       0.00      0.00      0.00         1
                  Eddavidite       0.00      0.00      0.00         1
                     Edenite       0.00      0.00      0.00         1
                 Edingtonite       1.00      1.00      1.00         1
              Effenbergerite       0.00      0.00      0.00         1
                 Eglestonite       0.00      0.00      0.00         1
                    Eirikite       0.00      0.00      0.00         1
                     Ekanite       0.00      0.00      0.00         1
                     Elbaite       0.71      0.71      0.71         7
              Ellenbergerite       0.00      0.00      0.00         1
                    Elpidite       0.67      1.00      0.80         2
                      Elyite       0.00      0.00      0.00         1
                   Emmonsite       1.00      1.00      1.00         1
                    Enargite       0.60      1.00      0.75         3
                   Enstatite       0.56      0.83      0.67         6
                  Eosphorite       0.40      0.67      0.50         3
                 Epididymite       0.00      0.00      0.00         1
                     Epidote       0.83      1.00      0.91         5
                    Epsomite       1.00      1.00      1.00         1
                    Ericaite       0.00      0.00      0.00         1
                 Ericssonite       1.00      1.00      1.00         1
                 Erionite-Ca       1.00      1.00      1.00         1
                Erlichmanite       1.00      1.00      1.00         1
                 Eskebornite       1.00      1.00      1.00         1
                    Esperite       0.00      0.00      0.00         1
                   Euchroite       0.00      0.00      0.00         1
                     Euclase       1.00      1.00      1.00         1
                   Eudialyte       1.00      1.00      1.00         1
                  Eudidymite       1.00      1.00      1.00         1
                    Eulytine       0.00      0.00      0.00         1
                Euxenite-(Y)       0.00      0.00      0.00         1
                Fairfieldite       1.00      1.00      1.00         1
                  Famatinite       0.00      0.00      0.00         1
                Faujasite-Ca       0.00      0.00      0.00         1
                Faujasite-Mg       0.00      0.00      0.00         1
                    Fayalite       0.50      1.00      0.67         2
                  Fedotovite       0.00      0.00      0.00         1
                Feklichevite       1.00      1.00      1.00         1
               Felsobanyaite       0.00      0.00      0.00         1
                   Fenaksite       1.00      1.00      1.00         1
                   Ferberite       1.00      1.00      1.00         2
             Ferri-pedrizite       0.00      0.00      0.00         0
              Ferri-winchite       0.00      0.00      0.00         1
               Ferrierite-Mg       0.00      0.00      0.00         1
         Ferrilotharmeyerite       0.50      1.00      0.67         1
              Ferrimolybdite       1.00      1.00      1.00         1
                 Ferrisurite       1.00      1.00      1.00         1
            Ferro-actinolite       0.00      0.00      0.00         1
               Ferro-gedrite       1.00      1.00      1.00         1
          Ferro-holmquistite       0.00      0.00      0.00         1
           Ferro-katophorite       0.00      0.00      0.00         1
             Ferro-pargasite       0.00      0.00      0.00         1
             Ferroceladonite       0.00      0.00      0.00         1
         Ferrohogbomite-2N2S       0.00      0.00      0.00         1
              Ferrokesterite       0.00      0.00      0.00         1
           Ferronordite-(Ce)       0.50      1.00      0.67         1
                 Ferroselite       0.00      0.00      0.00         0
                 Ferrosilite       1.00      1.00      1.00         1
              Ferrostrunzite       0.00      0.00      0.00         1
              Ferrowodginite       0.50      1.00      0.67         1
              Ferrowyllieite       0.00      0.00      0.00         1
                   Fetiasite       0.00      0.00      0.00         1
                   Fettelite       0.00      0.00      0.00         1
                  Filatovite       0.00      0.00      0.00         1
                   Fingerite       0.00      0.00      0.00         1
                 Finnemanite       1.00      1.00      1.00         1
                   Fizelyite       0.00      0.00      0.00         1
                Fleischerite       1.00      1.00      1.00         1
                   Fluellite       1.00      1.00      1.00         1
            Fluor-buergerite       1.00      1.00      1.00         1
          Fluor-liddicoatite       0.00      0.00      0.00         1
                 Fluor-uvite       1.00      1.00      1.00         2
                Fluorapatite       0.20      0.75      0.32         8
        Fluorapophyllite-(K)       1.00      1.00      1.00         1
        Fluorcalciomicrolite       0.62      1.00      0.77         5
       Fluorcalciopyrochlore       0.00      0.00      0.00         1
                    Fluorite       1.00      0.50      0.67         2
         Fluornatromicrolite       0.00      0.00      0.00         1
              Fluoro-edenite       1.00      1.00      1.00         1
           Fluoro-richterite       0.00      0.00      0.00         1
            Fluorophlogopite       0.50      0.50      0.50         2
                     Foitite       0.00      0.00      0.00         2
                Footemineite       0.00      0.00      0.00         0
                   Fornacite       0.00      0.00      0.00         1
                  Forsterite       0.78      1.00      0.88         7
                   Foshagite       1.00      1.00      1.00         1
               Francevillite       0.50      1.00      0.67         1
                  Franckeite       0.00      0.00      0.00         1
                Frankamenite       1.00      1.00      1.00         1
              Freieslebenite       0.00      0.00      0.00         1
                   Fresnoite       1.00      1.00      1.00         1
                  Friedelite       0.00      0.00      0.00         1
                  Frondelite       0.00      0.00      0.00         1
                    Froodite       0.33      1.00      0.50         1
                 Furutobeite       0.00      0.00      0.00         1
              Gadolinite-(Y)       0.14      0.50      0.22         2
   Gadolinium gallium garnet       1.00      1.00      1.00         2
                     Gahnite       1.00      1.00      1.00         1
                Gaidonnayite       1.00      1.00      1.00         1
                     Galeite       1.00      1.00      1.00         1
                      Galena       0.00      0.00      0.00         1
                  Gamagarite       0.00      0.00      0.00         1
                  Ganomalite       1.00      1.00      1.00         1
                    Gaspeite       0.00      0.00      0.00         1
                Gaudefroyite       1.00      1.00      1.00         1
                 Gearksutite       0.00      0.00      0.00         1
                   Gehlenite       1.00      1.00      1.00         1
                  Geikielite       1.00      1.00      1.00         1
                   Gelosaite       0.50      1.00      0.67         1
                    Geminite       0.00      0.00      0.00         1
                 Genthelvite       1.00      1.00      1.00         1
                 Gerhardtite       1.00      1.00      1.00         1
                   Germanite       1.00      1.00      1.00         1
                Gersdorffite       1.00      0.50      0.67         2
                 Gerstleyite       0.00      0.00      0.00         1
                 Getchellite       0.00      0.00      0.00         1
                  Gillardite       1.00      1.00      1.00         1
                  Gillespite       1.00      1.00      1.00         1
                     Giniite       1.00      1.00      1.00         1
               Gismondine-Ca       1.00      1.00      1.00         1
                  Glauberite       0.00      0.00      0.00         1
                   Glaucodot       1.00      1.00      1.00         1
                 Glaucophane       0.50      0.50      0.50         2
                Gmelinite-Ca       0.00      0.00      0.00         1
                Gmelinite-Na       0.50      1.00      0.67         3
                  Goedkenite       0.50      1.00      0.67         1
                    Goethite       1.00      1.00      1.00         1
                        Gold       0.00      0.00      0.00         0
                  Goldichite       1.00      1.00      1.00         1
                  Goldmanite       1.00      1.00      1.00         2
                  Gonnardite       0.00      0.00      0.00         1
                  Gorceixite       1.00      1.00      1.00         1
                   Gordonite       0.00      0.00      0.00         1
                   Gormanite       1.00      1.00      1.00         1
                   Gotzenite       0.33      0.50      0.40         2
                    Gowerite       0.50      1.00      0.67         1
               Grandidierite       0.00      0.00      0.00         1
                Grandviewite       1.00      1.00      1.00         1
                    Graphite       0.67      1.00      0.80         2
                   Gratonite       0.50      1.00      0.67         1
                Gravegliaite       1.00      1.00      1.00         1
                 Greenockite       0.00      0.00      0.00         2
             Greifensteinite       1.00      1.00      1.00         2
                    Greigite       1.00      1.00      1.00         1
                   Grossular       0.57      0.80      0.67        10
                    Groutite       1.00      1.00      1.00         1
                   Grunerite       1.00      1.00      1.00         2
                Guanajuatite       1.00      1.00      1.00         1
                  Gudmundite       0.00      0.00      0.00         0
                Guilleminite       1.00      1.00      1.00         1
                   Gustavite       0.00      0.00      0.00         1
                      Gypsum       1.00      1.00      1.00         1
                    Gyrolite       1.00      1.00      1.00         1
                Hagendorfite       0.00      0.00      0.00         1
                   Haiweeite       1.00      1.00      1.00         1
                      Halite       0.00      0.00      0.00         2
                Halotrichite       0.00      0.00      0.00         1
                  Hambergite       1.00      1.00      1.00         1
                   Harmotome       0.00      0.00      0.00         1
                   Hashemite       0.50      1.00      0.67         1
                 Hastingsite       0.00      0.00      0.00         1
                    Hauerite       1.00      1.00      1.00         1
                 Hausmannite       1.00      0.50      0.67         2
                      Hauyne       0.50      0.50      0.50         2
                    Hazenite       0.00      0.00      0.00         1
             Hectorfloresite       1.00      1.00      1.00         1
                Hedenbergite       0.00      0.00      0.00         1
                    Heklaite       1.00      1.00      1.00         1
                     Helvine       0.00      0.00      0.00         1
                    Hematite       0.67      1.00      0.80         2
                 Hemihedrite       1.00      1.00      1.00         1
                Hemimorphite       1.00      1.00      1.00         1
                Hendersonite       1.00      1.00      1.00         1
                   Henmilite       1.00      1.00      1.00         1
             Herbertsmithite       0.00      0.00      0.00         1
                     Hessite       0.00      0.00      0.00         1
                Heterogenite       1.00      1.00      1.00         1
                  Heterosite       0.50      1.00      0.67         1
               Heulandite-Ca       0.67      1.00      0.80         2
                   Hewettite       1.00      1.00      1.00         1
                Heyrovskyite       1.00      1.00      1.00         1
                   Hilairite       1.00      1.00      1.00         1
                  Hilgardite       0.00      0.00      0.00         1
              Hingganite-(Y)       1.00      1.00      1.00         1
                Hiortdahlite       0.00      0.00      0.00         1
                 Hisingerite       0.00      0.00      0.00         1
                    Hoganite       1.00      1.00      1.00         1
                 Holdawayite       1.00      1.00      1.00         1
                  Hollandite       0.00      0.00      0.00         1
                Holmquistite       0.00      0.00      0.00         1
                     Hopeite       0.33      1.00      0.50         1
                   Hornesite       1.00      1.00      1.00         1
                    Howieite       1.00      1.00      1.00         1
                     Howlite       0.50      1.00      0.67         1
                   Hubnerite       1.00      0.50      0.67         2
                     Hulsite       0.09      1.00      0.17         1
               Humberstonite       1.00      1.00      1.00         1
                 Humboldtine       0.00      0.00      0.00         1
                      Humite       1.00      1.00      1.00         1
                     Huntite       1.00      1.00      1.00         1
                  Hureaulite       0.00      0.00      0.00         1
                  Hurlbutite       1.00      1.00      1.00         1
               Hutchinsonite       1.00      1.00      1.00         1
               Hydroboracite       0.00      0.00      0.00         1
              Hydrocerussite       0.50      1.00      0.67         1
             Hydroromarchite       0.00      0.00      0.00         1
                Hydrotalcite       1.00      1.00      1.00         1
              Hydrotungstite       1.00      1.00      1.00         1
      Hydroxyapophyllite-(K)       1.00      1.00      1.00         1
             Hydroxylapatite       0.00      0.00      0.00         2
         Hydroxylclinohumite       1.00      1.00      1.00         1
           Hydroxylherderite       0.50      1.00      0.67         2
               Iimoriite-(Y)       0.00      0.00      0.00         0
                     Ilesite       1.00      1.00      1.00         1
                    Ilmenite       1.00      1.00      1.00         1
                 Ilsemannite       0.00      0.00      0.00         0
                     Ilvaite       0.08      1.00      0.14         1
                      Indium       0.00      0.00      0.00         1
                     Inesite       1.00      1.00      1.00         1
                     Inyoite       1.00      1.00      1.00         1
                 Iodargyrite       1.00      1.00      1.00         1
                     Iowaite       0.50      1.00      0.67         1
                     Iranite       1.00      1.00      1.00         1
                        Iron       0.00      0.00      0.00         1
                 Ishikawaite       0.00      0.00      0.00         1
                 Isocubanite       0.00      0.00      0.00         1
             Ixiolite-(Mn2+)       0.00      0.00      0.00         1
                   Jacobsite       0.50      1.00      0.67         1
                     Jadeite       0.00      0.00      0.00         1
                     Jagoite       0.00      0.00      0.00         1
           Jahnsite-(CaMnFe)       1.00      1.00      1.00         1
           Jahnsite-(CaMnMn)       1.00      1.00      1.00         1
                  Jamesonite       0.09      0.33      0.14         3
                  Janhaugite       1.00      1.00      1.00         1
                    Jarosite       1.00      0.50      0.67         2
                Jeanbandyite       0.00      0.00      0.00         1
                Jeremejevite       1.00      1.00      1.00         1
               Jerrygibbsite       0.00      0.00      0.00         1
              Jinshajiangite       1.00      1.00      1.00         1
             Joaquinite-(Ce)       1.00      1.00      1.00         1
                Johannsenite       0.00      0.00      0.00         1
                 Johnbaumite       1.00      1.00      1.00         1
                   Jokokuite       1.00      1.00      1.00         1
                    Jonesite       0.50      1.00      0.67         1
                   Jordanite       0.00      0.00      0.00         1
                Jorgensenite       0.00      0.00      0.00         1
           Julgoldite-(Fe2+)       1.00      1.00      1.00         1
                   Junitoite       0.50      1.00      0.67         1
                   Juonniite       0.00      0.00      0.00         1
                  Kaersutite       0.00      0.00      0.00         1
                     Kainite       0.50      1.00      0.67         1
                   Kalsilite       0.00      0.00      0.00         1
                 Kamarizaite       1.00      1.00      1.00         1
             Kamphaugite-(Y)       1.00      1.00      1.00         1
                    Kanemite       0.00      0.00      0.00         1
               Karchevskyite       1.00      1.00      1.00         1
                  Karibibite       0.00      0.00      0.00         1
           Karnasurtite-(Ce)       0.00      0.00      0.00         0
                    Kasolite       0.33      1.00      0.50         1
                Katayamalite       1.00      1.00      1.00         1
                     Katoite       0.00      0.00      0.00         1
                     Keilite       1.00      1.00      1.00         1
                     Kempite       1.00      1.00      1.00         1
                     Kernite       1.00      1.00      1.00         1
                   Kesterite       0.00      0.00      0.00         1
                  Kettnerite       1.00      1.00      1.00         1
                      Keyite       0.00      0.00      0.00         1
                 Keystoneite       1.00      1.00      1.00         1
                     Khinite       0.00      0.00      0.00         1
                  Kidwellite       0.50      1.00      0.67         1
               Kimuraite-(Y)       1.00      1.00      1.00         1
                   Kimzeyite       1.00      1.00      1.00         1
                     Kinoite       1.00      1.00      1.00         1
               Kinoshitalite       0.00      0.00      0.00         1
              Klebelsbergite       0.33      1.00      0.50         1
                    Kleinite       0.00      0.00      0.00         1
                Klockmannite       0.00      0.00      0.00         1
               Klyuchevskite       1.00      1.00      1.00         1
                   Kobellite       0.00      0.00      0.00         1
                  Kolbeckite       1.00      1.00      1.00         1
                   Kombatite       1.00      1.00      1.00         1
                 Kornerupine       1.00      1.00      1.00         1
               Korobitsynite       0.00      0.00      0.00         1
                   Kostovite       0.00      0.00      0.00         1
                   Kottigite       1.00      1.00      1.00         1
                 Kovdorskite       1.00      1.00      1.00         1
                   Krasnoite       1.00      1.00      1.00         1
                  Krasnovite       0.00      0.00      0.00         1
                Krauskopfite       0.00      0.00      0.00         1
                  Krennerite       0.00      0.00      0.00         1
              Kristiansenite       1.00      1.00      1.00         1
                   Krohnkite       0.00      0.00      0.00         1
                   Krupkaite       0.00      0.00      0.00         1
              Kryzhanovskite       0.50      1.00      0.67         1
                   Ktenasite       0.00      0.00      0.00         1
                     Kuksite       1.00      1.00      1.00         1
                    Kulanite       1.00      1.00      1.00         1
                    Kunatite       1.00      1.00      1.00         1
                 Kurnakovite       0.50      1.00      0.67         1
              Kuzmenkoite-Mn       0.00      0.00      0.00         1
                     Kyanite       0.50      0.50      0.50         2
                   Lammerite       0.00      0.00      0.00         1
              Lamprophyllite       1.00      1.00      1.00         1
                   Lanarkite       1.00      1.00      1.00         1
                  Langbanite       1.00      1.00      1.00         1
                     Langite       0.67      1.00      0.80         2
                   Lannonite       0.00      0.00      0.00         1
             Lanthanite-(Nd)       0.00      0.00      0.00         1
                  Laumontite       1.00      1.00      1.00         1
                   Laurelite       0.00      0.00      0.00         1
                  Laurionite       0.00      0.00      0.00         1
                  Lavendulan       0.50      1.00      0.67         1
                    Lavenite       0.00      0.00      0.00         0
                 Lavinskyite       1.00      1.00      1.00         1
                Lazaraskeite       1.00      1.00      1.00         1
                    Lazulite       1.00      1.00      1.00         1
                        Lead       0.00      0.00      0.00         1
                 Leadhillite       1.00      1.00      1.00         1
                   Lefontite       0.50      1.00      0.67         1
                 Leightonite       0.00      0.00      0.00         1
              Lemmleinite-Ba       1.00      1.00      1.00         1
                   Lemoynite       1.00      1.00      1.00         1
                Leningradite       0.00      0.00      0.00         1
                   Lenoblite       1.00      1.00      1.00         1
               Lepidocrocite       1.00      1.00      1.00         1
                     Leucite       1.00      1.00      1.00         1
                Leucophanite       0.00      0.00      0.00         1
             Leucophoenicite       0.00      0.00      0.00         1
              Leucophosphite       1.00      1.00      1.00         1
                   Levyne-Ca       0.00      0.00      0.00         1
                   Levyne-Na       1.00      1.00      1.00         1
                 Libethenite       1.00      1.00      1.00         1
               Liebenbergite       1.00      1.00      1.00         1
                   Liebigite       1.00      1.00      1.00         1
                    Likasite       1.00      1.00      1.00         1
                    Linarite       0.50      1.00      0.67         1
                 Lindgrenite       1.00      1.00      1.00         2
                    Liottite       0.50      1.00      0.67         1
                  Liroconite       0.50      1.00      0.67         1
                 Liskeardite       1.00      1.00      1.00         1
               Lithiophilite       0.00      0.00      0.00         1
               Livingstonite       0.17      1.00      0.29         1
                  Lobanovite       1.00      1.00      1.00         1
                  Lollingite       0.67      1.00      0.80         2
                Lomonosovite       1.00      1.00      1.00         1
                   Lorandite       0.00      0.00      0.00         1
                 Lorenzenite       1.00      1.00      1.00         1
                  Lovozerite       0.00      0.00      0.00         1
                   Ludlamite       0.00      0.00      0.00         2
                   Ludwigite       0.00      0.00      0.00         1
                    Lueshite       1.00      1.00      1.00         1
                   Luetheite       0.00      0.00      0.00         1
                    Luzonite       0.00      0.00      0.00         1
                Macdonaldite       1.00      1.00      1.00         1
                 Mackinawite       0.00      0.00      0.00         1
Magnesio-fluoro-arfvedsonite       0.00      0.00      0.00         1
 Magnesio-fluoro-hastingsite       0.00      0.00      0.00         1
        Magnesio-hastingsite       1.00      1.00      1.00         1
         Magnesio-riebeckite       0.00      0.00      0.00         1
            Magnesiochromite       0.50      1.00      0.67         1
           Magnesiocopiapite       1.00      1.00      1.00         1
          Magnesiocoulsonite       0.00      0.00      0.00         1
             Magnesioferrite       0.00      0.00      0.00         1
      Magnesiotaaffeite-2N2S       1.00      0.50      0.67         2
      Magnesiotaaffeite-6N3S       1.00      1.00      1.00         1
                   Magnesite       0.67      1.00      0.80         2
                   Magnetite       0.67      0.67      0.67         3
             Magnetoplumbite       0.00      0.00      0.00         1
                   Malachite       1.00      1.00      1.00         1
                    Malanite       1.00      1.00      1.00         1
                   Malayaite       1.00      1.00      1.00         1
                 Malhmoodite       0.00      0.00      0.00         1
                   Manganite       0.00      0.00      0.00         1
            Manganoneptunite       0.00      0.00      0.00         1
           Manganoquadratite       0.00      0.00      0.00         1
                 Manganosite       0.50      1.00      0.67         1
                 Manitobaite       1.00      1.00      1.00         1
                  Mannardite       0.00      0.00      0.00         1
                Mansfieldite       1.00      1.00      1.00         1
               Margarosanite       1.00      1.00      1.00         1
                   Marialite       0.70      1.00      0.82         7
                 Maricopaite       0.50      1.00      0.67         1
               Markascherite       1.00      1.00      1.00         1
                    Marokite       0.00      0.00      0.00         1
                  Marsturite       1.00      1.00      1.00         1
                  Marthozite       1.00      1.00      1.00         1
                  Mascagnite       0.00      0.00      0.00         1
               Mattheddleite       1.00      1.00      1.00         1
              Melanophlogite       0.00      0.00      0.00         1
                Melanotekite       1.00      1.00      1.00         1
              Melanovanadite       0.00      0.00      0.00         1
                   Mendipite       1.00      1.00      1.00         1
                 Meneghinite       0.00      0.00      0.00         1
                  Mercallite       0.00      0.00      0.00         1
                    Mesolite       1.00      1.00      1.00         1
               Meta-autunite       0.50      1.00      0.67         1
                Metamunirite       1.00      1.00      1.00         1
                 Metarossite       1.00      1.00      1.00         1
              Metaschoderite       1.00      1.00      1.00         1
                Metastibnite       0.00      0.00      0.00         1
              Metatorbernite       0.67      1.00      0.80         4
            Metauranocircite       0.00      0.00      0.00         1
         Metauranocircite II       0.00      0.00      0.00         1
               Metavariscite       1.00      1.00      1.00         1
                 Metavoltine       1.00      1.00      1.00         1
               Metazeunerite       0.50      1.00      0.67         2
                 Meurigite-K       0.00      0.00      0.00         1
              Meyerhofferite       1.00      1.00      1.00         1
                  Miargyrite       0.25      1.00      0.40         1
                    Miassite       1.00      1.00      1.00         1
                  Microcline       0.33      0.33      0.33         3
                    Miersite       0.00      0.00      0.00         1
                    Milarite       1.00      1.00      1.00         1
                   Millerite       0.00      0.00      0.00         1
                    Mimetite       0.60      1.00      0.75         3
                  Mimetite-M       0.00      0.00      0.00         1
                      Minium       1.00      1.00      1.00         1
                   Minyulite       0.00      0.00      0.00         1
                    Miserite       0.50      1.00      0.67         1
                  Moissanite       0.50      1.00      0.67         1
                 Molybdenite       1.00      1.00      1.00         1
                   Molybdite       0.00      0.00      0.00         1
            Molybdofornacite       1.00      1.00      1.00         1
               Molybdomenite       0.00      0.00      0.00         1
             Molybdophyllite       1.00      1.00      1.00         1
               Monazite-(Ce)       1.00      0.33      0.50         3
                    Monetite       0.00      0.00      0.00         1
                Montebrasite       1.00      1.00      1.00         2
          Monteregianite-(Y)       0.00      0.00      0.00         1
               Montgomeryite       1.00      0.50      0.67         2
                Monticellite       1.00      0.50      0.67         2
             Montmorillonite       0.00      0.00      0.00         1
                 Montroydite       0.00      0.00      0.00         1
                    Mooreite       0.50      1.00      0.67         1
                   Moraesite       0.00      0.00      0.00         1
                   Mordenite       0.00      0.00      0.00         1
                    Morinite       1.00      1.00      1.00         1
                  Mottramite       0.00      0.00      0.00         1
                   Mozartite       1.00      1.00      1.00         1
                     Muirite       1.00      1.00      1.00         1
                     Mullite       0.00      0.00      0.00         1
                 Munakataite       1.00      1.00      1.00         1
                  Murdochite       0.00      0.00      0.00         1
                   Murmanite       0.00      0.00      0.00         1
                   Muscovite       0.75      0.50      0.60         6
                    Nadorite       1.00      1.00      1.00         1
             Nagelschmidtite       0.00      0.00      0.00         1
                   Nagyagite       1.00      1.00      1.00         1
                  Nakauriite       1.00      1.00      1.00         1
                 Nalivkinite       0.00      0.00      0.00         0
                    Namibite       0.00      0.00      0.00         1
                Narsarsukite       1.00      1.00      1.00         1
              Natrodufrenite       1.00      1.00      1.00         1
               Natrojarosite       1.00      1.00      1.00         1
                   Natrolite       0.75      1.00      0.86         3
                  Naumannite       0.00      0.00      0.00         1
                 Neighborite       0.00      0.00      0.00         0
                    Nelenite       1.00      1.00      1.00         1
                  Neltnerite       0.00      0.00      0.00         1
              Nenadkevichite       0.50      1.00      0.67         1
                   Nepheline       0.00      0.00      0.00         1
                    Nepouite       0.00      0.00      0.00         1
                   Neptunite       0.50      1.00      0.67         1
                Nesquehonite       0.00      0.00      0.00         1
                   Nevadaite       1.00      1.00      1.00         1
                  Newberyite       1.00      1.00      1.00         1
                   Nickeline       0.00      0.00      0.00         1
          Nickelskutterudite       0.00      0.00      0.00         1
            Nickeltalmessite       0.00      0.00      0.00         1
                 Nifontovite       1.00      1.00      1.00         1
                   Nissonite       1.00      1.00      1.00         1
                       Niter       0.33      1.00      0.50         1
                   Nitratine       1.00      1.00      1.00         1
                 Nitrobarite       0.00      0.00      0.00         0
                Nitrocalcite       0.00      0.00      0.00         1
             Nordenskioldine       1.00      1.00      1.00         1
                Nordite-(La)       0.00      0.00      0.00         1
               Nordstrandite       1.00      1.00      1.00         1
                  Normandite       1.00      1.00      1.00         1
                  Norrishite       1.00      1.00      1.00         1
                  Northupite       0.00      0.00      0.00         1
                      Nosean       1.00      1.00      1.00         1
                 Nuffieldite       0.00      0.00      0.00         1
            Obradovicite-KCu       1.00      1.00      1.00         1
                   Offretite       0.00      0.00      0.00         1
                     Okenite       1.00      1.00      1.00         1
                     Olenite       0.00      0.00      0.00         1
                   Olivenite       1.00      1.00      1.00         1
                     Olmiite       0.00      0.00      0.00         1
                 Olsacherite       1.00      1.00      1.00         1
                Olshanskyite       0.50      1.00      0.67         1
                   Omphacite       0.00      0.00      0.00         1
                        Opal       0.17      0.20      0.18         5
                    Orickite       0.00      0.00      0.00         1
                    Orpiment       0.50      1.00      0.67         1
                  Orthoclase       0.44      1.00      0.62         4
           Orthogersdorffite       0.00      0.00      0.00         0
             Orthoserpierite       0.00      0.00      0.00         1
                Osarizawaite       0.50      1.00      0.67         1
                      Osmium       1.00      1.00      1.00         1
              Osumilite-(Mg)       0.00      0.00      0.00         1
                   Ottensite       0.00      0.00      0.00         1
                   Owyheeite       0.00      0.00      0.00         1
               Oxyphlogopite       0.00      0.00      0.00         1
                Paakkonenite       0.25      1.00      0.40         1
                    Pabstite       1.00      1.00      1.00         1
                     Painite       0.00      0.00      0.00         1
                Palenzonaite       1.00      1.00      1.00         1
                  Palermoite       0.00      0.00      0.00         1
                   Palladium       0.00      0.00      0.00         0
                   Papagoite       0.00      0.00      0.00         0
               Parabutlerite       1.00      1.00      1.00         1
              Paracoquimbite       1.00      1.00      1.00         1
                  Paradamite       0.00      0.00      0.00         0
            Parafransoletite       0.00      0.00      0.00         1
                 Parahopeite       1.00      1.00      1.00         1
              Parakeldyshite       1.00      1.00      1.00         1
              Paralaurionite       1.00      1.00      1.00         1
                 Pararealgar       0.00      0.00      0.00         1
              Pararobertsite       1.00      1.00      1.00         1
           Pararsenolamprite       0.00      0.00      0.00         1
               Parascholzite       1.00      1.00      1.00         1
              Parauranophane       0.00      0.00      0.00         1
                 Paravauxite       0.67      1.00      0.80         2
                   Pargasite       0.00      0.00      0.00         2
               Parisite-(Ce)       0.00      0.00      0.00         1
                   Parkerite       1.00      1.00      1.00         1
                  Parsonsite       0.00      0.00      0.00         1
                   Patronite       1.00      1.00      1.00         1
               Paulingite-Ca       0.00      0.00      0.00         1
                Paulingite-K       0.00      0.00      0.00         1
                    Pavonite       1.00      1.00      1.00         1
                   Pearceite       1.00      1.00      1.00         1
                   Pectolite       0.25      0.33      0.29         3
                 Penfieldite       1.00      1.00      1.00         1
                  Penikisite       1.00      1.00      1.00         1
                Penkvilksite       1.00      1.00      1.00         1
                 Pentagonite       1.00      1.00      1.00         1
                Pentahydrite       0.00      0.00      0.00         1
                 Pentlandite       0.00      0.00      0.00         1
                      Perite       0.00      0.00      0.00         1
                  Perovskite       0.50      0.33      0.40         3
                    Perryite       1.00      1.00      1.00         1
                    Petalite       1.00      1.00      1.00         1
                  Petarasite       1.00      1.00      1.00         1
            Petersenite-(Ce)       0.00      0.00      0.00         1
                     Petzite       0.00      0.00      0.00         0
                Pharmacolite       1.00      1.00      1.00         1
            Pharmacosiderite       1.00      1.00      1.00         1
                   Phenakite       0.00      0.00      0.00         1
              Philipsbornite       0.50      1.00      0.67         1
              Phillipsite-Ca       1.00      1.00      1.00         1
              Phillipsite-Na       0.00      0.00      0.00         1
                  Phlogopite       0.00      0.00      0.00         2
             Phoenicochroite       1.00      1.00      1.00         1
                  Phosgenite       1.00      1.00      1.00         1
              Phosphoferrite       0.00      0.00      0.00         1
            Phosphohedyphane       0.00      0.00      0.00         1
             Phosphosiderite       1.00      1.00      1.00         1
             Phosphuranylite       0.00      0.00      0.00         1
                  Phurcalite       0.00      0.00      0.00         1
                Pickeringite       0.50      1.00      0.67         1
           Picropharmacolite       0.00      0.00      0.00         1
                  Piemontite       1.00      1.00      1.00         1
                 Pinakiolite       0.50      1.00      0.67         1
                  Plancheite       0.00      0.00      0.00         1
                   Planerite       0.00      0.00      0.00         1
                    Platinum       0.00      0.00      0.00         1
                 Plattnerite       0.00      0.00      0.00         1
               Plumbogummite       0.00      0.00      0.00         1
               Plumbonacrite       1.00      1.00      1.00         1
              Poldervaartite       1.00      1.00      1.00         1
                 Polkanovite       0.00      0.00      0.00         1
                   Pollucite       0.50      1.00      0.67         1
                  Polydymite       0.00      0.00      0.00         1
              Polylithionite       1.00      1.00      1.00         2
       Potassic-arfvedsonite       1.00      1.00      1.00         1
                Poudretteite       0.00      0.00      0.00         0
                   Powellite       1.00      1.00      1.00         1
                    Prehnite       1.00      1.00      1.00         2
            Preobrazhenskite       0.00      0.00      0.00         1
                    Priceite       0.00      0.00      0.00         1
                   Priderite       0.00      0.00      0.00         1
                   Prosopite       0.00      0.00      0.00         1
   Proto-ferro-anthophyllite       1.00      1.00      1.00         1
               Pseudoboleite       0.33      1.00      0.50         1
              Pseudobrookite       0.00      0.00      0.00         1
             Pseudomalachite       0.00      0.00      0.00         2
          Pseudowollastonite       0.00      0.00      0.00         1
                   Pucherite       1.00      1.00      1.00         1
            Pumpellyite-(Mg)       0.00      0.00      0.00         1
                      Pyrite       0.00      0.00      0.00         2
                  Pyroaurite       0.00      0.00      0.00         1
                Pyrobelonite       1.00      1.00      1.00         1
                  Pyrochlore       0.00      0.00      0.00         3
                  Pyrolusite       0.50      1.00      0.67         2
                Pyromorphite       0.00      0.00      0.00         1
                      Pyrope       0.80      0.67      0.73         6
                Pyrophyllite       0.00      0.00      0.00         1
            Pyrosmalite-(Fe)       1.00      1.00      1.00         1
               Pyroxferroite       0.00      0.00      0.00         1
                Pyroxmangite       0.00      0.00      0.00         1
                  Pyrrhotite       0.00      0.00      0.00         1
               Qilianshanite       0.00      0.00      0.00         1
                      Quartz       1.00      1.00      1.00         4
                  Quenselite       0.50      1.00      0.67         1
                  Quintinite       1.00      1.00      1.00         1
             Radhakrishnaite       1.00      1.00      1.00         1
                  Ramdohrite       0.00      0.00      0.00         1
                 Ramsbeckite       1.00      1.00      1.00         1
                     Raspite       0.00      0.00      0.00         1
                     Rathite       0.50      1.00      0.67         1
                     Realgar       1.00      0.50      0.67         2
                  Reddingite       0.50      1.00      0.67         1
              Reedmergnerite       1.00      1.00      1.00         1
                   Reinerite       1.00      1.00      1.00         1
              Remondite-(Ce)       0.00      0.00      0.00         1
                   Renierite       1.00      1.00      1.00         1
                  Retgersite       1.00      1.00      1.00         1
                    Reyerite       1.00      1.00      1.00         1
                Rhodarsenide       0.00      0.00      0.00         1
                   Rhodizite       0.00      0.00      0.00         1
               Rhodochrosite       0.67      1.00      0.80         2
                   Rhodonite       0.75      1.00      0.86         3
               Rhodostannite       0.00      0.00      0.00         1
                 Rhomboclase       1.00      1.00      1.00         1
                    Ribbeite       0.00      0.00      0.00         1
                   Richetite       1.00      1.00      1.00         1
                  Richterite       0.00      0.00      0.00         2
                  Rickardite       1.00      1.00      1.00         1
                  Riebeckite       0.00      0.00      0.00         2
                 Ringwoodite       0.00      0.00      0.00         1
                  Robertsite       0.50      1.00      0.67         1
               Rockbridgeite       0.00      0.00      0.00         1
              Rodalquilarite       1.00      1.00      1.00         1
                 Roeblingite       0.00      0.00      0.00         1
                  Romarchite       0.00      0.00      0.00         1
                     Romeite       0.50      1.00      0.67         1
                    Romerite       1.00      1.00      1.00         1
                 Rongibbsite       1.00      1.00      1.00         1
                    Rosasite       1.00      1.00      1.00         1
                  Roscherite       0.00      0.00      0.00         1
                    Roselite       0.00      0.00      0.00         1
                  Rossmanite       0.00      0.00      0.00         1
                     Rouaite       0.00      0.00      0.00         1
                 Roubaultite       1.00      1.00      1.00         1
                     Roweite       1.00      1.00      1.00         1
                    Roxbyite       1.00      1.00      1.00         1
                    Rruffite       0.50      1.00      0.67         1
                  Rudenkoite       1.00      1.00      1.00         1
                Ruifrancoite       1.00      1.00      1.00         1
                     Ruizite       0.50      1.00      0.67         1
               Rutherfordine       0.67      1.00      0.80         2
                      Rutile       0.33      0.67      0.44         3
                 Rynersonite       0.00      0.00      0.00         1
                  Sabugalite       0.00      0.00      0.00         1
                  Safflorite       0.00      0.00      0.00         1
                    Sakhaite       1.00      1.00      1.00         1
                 Salammoniac       1.00      1.00      1.00         1
                Saltonseaite       0.00      0.00      0.00         1
              Samarskite-(Y)       0.00      0.00      0.00         1
                   Sampleite       0.00      0.00      0.00         2
                Samuelsonite       1.00      1.00      1.00         1
                  Sanbornite       1.00      1.00      1.00         1
                  Santafeite       1.00      1.00      1.00         1
                  Sapphirine       1.00      0.50      0.67         2
                  Sarcopside       0.00      0.00      0.00         1
                   Sarkinite       1.00      1.00      1.00         1
                   Sassolite       0.00      0.00      0.00         1
                   Scainiite       0.00      0.00      0.00         1
               Schafarzikite       1.00      1.00      1.00         1
                 Schaurteite       1.00      1.00      1.00         1
                   Scheelite       1.00      1.00      1.00         2
            Schneiderhohnite       1.00      1.00      1.00         1
                   Schoepite       0.50      1.00      0.67         1
                   Scholzite       1.00      1.00      1.00         1
                      Schorl       0.00      0.00      0.00         1
                 Schorlomite       1.00      0.50      0.67         2
               Schreibersite       0.00      0.00      0.00         1
             Schrockingerite       1.00      1.00      1.00         1
                 Schuetteite       0.00      0.00      0.00         1
           Schwartzembergite       1.00      1.00      1.00         1
                   Scolecite       0.00      0.00      0.00         1
                   Scorodite       1.00      1.00      1.00         1
                 Scotlandite       1.00      1.00      1.00         1
                   Scottyite       1.00      1.00      1.00         2
                  Searlesite       0.00      0.00      0.00         1
                 Seeligerite       1.00      1.00      1.00         1
                  Segelerite       1.00      1.00      1.00         1
                    Selenium       1.00      1.00      1.00         1
                Seligmannite       0.00      0.00      0.00         1
                   Semseyite       0.00      0.00      0.00         1
                 Senandorite       0.00      0.00      0.00         1
                Senarmontite       1.00      1.00      1.00         1
                  Sengierite       0.00      0.00      0.00         1
                   Serandite       1.00      1.00      1.00         1
                 Serendibite       0.00      0.00      0.00         1
                   Sewardite       1.00      1.00      1.00         1
                    Shandite       1.00      1.00      1.00         1
                 Shattuckite       1.00      1.00      1.00         1
              Shcherbakovite       0.00      0.00      0.00         1
                    Shigaite       1.00      1.00      1.00         1
              Shomiokite-(Y)       1.00      1.00      1.00         1
                    Shortite       1.00      1.00      1.00         1
                    Siderite       1.00      1.00      1.00         1
                  Sidwillite       1.00      1.00      1.00         1
                   Siegenite       1.00      1.00      1.00         1
                 Sillimanite       0.18      1.00      0.30         3
                      Silver       0.00      0.00      0.00         2
               Simonkolleite       1.00      1.00      1.00         1
                  Simplotite       0.00      0.00      0.00         0
                  Simpsonite       1.00      1.00      1.00         1
                   Sincosite       1.00      1.00      1.00         1
                   Sinhalite       1.00      1.00      1.00         1
                Skutterudite       0.00      0.00      0.00         1
                   Slavikite       0.00      0.00      0.00         1
                 Smithsonite       0.00      0.00      0.00         1
                    Sodalite       1.00      0.67      0.80         3
                    Soddyite       0.00      0.00      0.00         1
                  Sogdianite       0.00      0.00      0.00         1
                  Spangolite       1.00      1.00      1.00         1
                  Spencerite       0.00      0.00      0.00         1
                 Spessartine       0.60      1.00      0.75         3
                  Sphalerite       1.00      0.33      0.50         3
             Spherocobaltite       1.00      1.00      1.00         1
                      Spinel       0.50      0.43      0.46         7
                   Spodumene       1.00      0.50      0.67         2
                    Spurrite       1.00      1.00      1.00         1
              Srebrodolskite       0.00      0.00      0.00         1
                    Stannite       1.00      1.00      1.00         1
                  Starkeyite       1.00      1.00      1.00         1
                  Staurolite       1.00      1.00      1.00         1
                   Steacyite       0.00      0.00      0.00         1
                  Stellerite       0.50      1.00      0.67         1
                  Stephanite       1.00      1.00      1.00         1
                Sternbergite       0.00      0.00      0.00         1
                   Stibarsen       0.00      0.00      0.00         1
             Stibiotantalite       0.50      1.00      0.67         1
                 Stibivanite       1.00      1.00      1.00         1
                    Stibnite       0.00      0.00      0.00         1
                   Stichtite       0.00      0.00      0.00         2
                 Stilbite-Ca       0.00      0.00      0.00         1
           Stillwellite-(Ce)       0.00      0.00      0.00         1
               Stilpnomelane       1.00      1.00      1.00         1
                  Stishovite       1.00      1.00      1.00         1
                    Stolzite       1.00      1.00      1.00         1
                    Stottite       1.00      1.00      1.00         1
               Strashimirite       1.00      1.00      1.00         1
                   Strengite       1.00      1.00      1.00         1
                Stringhamite       1.00      1.00      1.00         1
                Stromeyerite       0.00      0.00      0.00         1
                Strontianite       1.00      1.00      1.00         2
          Strontiojoaquinite       1.00      1.00      1.00         1
                   Strunzite       1.00      1.00      1.00         1
                    Struvite       0.00      0.00      0.00         1
                    Stutzite       0.00      0.00      0.00         1
                    Sugilite       1.00      1.00      1.00         1
                Sulphohalite       1.00      1.00      1.00         1
                     Sulphur       1.00      1.00      1.00         1
                   Suredaite       0.00      0.00      0.00         1
                      Surite       0.00      0.00      0.00         1
                   Sussexite       0.00      0.00      0.00         0
                 Svanbergite       1.00      1.00      1.00         1
                   Sylvanite       1.00      1.00      1.00         1
                  Symplesite       1.00      1.00      1.00         1
             Synchysite-(Ce)       0.00      0.00      0.00         1
                 Szaibelyite       1.00      0.50      0.67         2
                  Szenicsite       1.00      1.00      1.00         1
                Szomolnokite       1.00      1.00      1.00         1
                        Talc       0.00      0.00      0.00         1
                  Talmessite       0.50      1.00      0.67         1
                Taneyamalite       0.00      0.00      0.00         1
                    Tangeite       0.00      0.00      0.00         0
              Tantalite-(Fe)       0.00      0.00      0.00         1
              Tantalite-(Mn)       1.00      1.00      1.00         2
              Tapiolite-(Fe)       1.00      1.00      1.00         1
                 Taramellite       0.00      0.00      0.00         1
                    Taramite       0.00      0.00      0.00         1
                  Tarbuttite       1.00      1.00      1.00         1
                   Tausonite       0.50      1.00      0.67         1
                    Tavorite       1.00      1.00      1.00         1
                    Teallite       0.00      0.00      0.00         1
                   Tellurite       1.00      1.00      1.00         1
                   Tellurium       1.00      1.00      1.00         1
           Tellurobismuthite       0.00      0.00      0.00         1
             Tennantite-(Zn)       0.00      0.00      0.00         1
                    Tenorite       0.00      0.00      0.00         1
                   Tephroite       0.33      1.00      0.50         1
                Terlinguaite       0.00      0.00      0.00         1
             Terrywallaceite       1.00      1.00      1.00         1
                 Tetradymite       0.00      0.00      0.00         1
           Tetrahedrite-(Zn)       0.00      0.00      0.00         1
             Tetrawickmanite       0.00      0.00      0.00         1
                  Thaumasite       1.00      1.00      1.00         1
                  Thenardite       0.00      0.00      0.00         1
                Thometzekite       0.00      0.00      0.00         1
               Thomsonite-Ca       1.00      1.00      1.00         1
                  Thorianite       0.00      0.00      0.00         1
                Thortveitite       0.00      0.00      0.00         1
                  Tiemannite       0.50      1.00      0.67         1
                    Tilasite       1.00      1.00      1.00         1
                         Tin       0.00      0.00      0.00         1
                   Tinaksite       1.00      1.00      1.00         1
                Tincalconite       1.00      1.00      1.00         1
                  Tintinaite       0.00      0.00      0.00         1
                   Tinzenite       0.00      0.00      0.00         1
                   Tiptopite       0.00      0.00      0.00         1
                    Titanite       0.60      1.00      0.75         3
            Titantaramellite       0.00      0.00      0.00         1
                 Tobermorite       1.00      1.00      1.00         1
                 Tocornalite       0.00      0.00      0.00         1
                   Tolovkite       0.00      0.00      0.00         1
                   Tomichite       0.00      0.00      0.00         1
                       Topaz       1.00      0.50      0.67         4
                  Tourmaline       0.00      0.00      0.00         3
                   Tremolite       0.25      0.40      0.31         5
                   Trevorite       0.00      0.00      0.00         1
                   Tridymite       0.33      1.00      0.50         2
               Trilithionite       1.00      0.50      0.67         2
                  Triphylite       0.75      1.00      0.86         3
                    Triplite       1.00      0.67      0.80         3
                    Troilite       0.00      0.00      0.00         1
                   Trolleite       1.00      1.00      1.00         1
                       Trona       0.00      0.00      0.00         1
           Tsaregorodtsevite       1.00      1.00      1.00         1
                  Tsumcorite       0.50      1.00      0.67         1
                   Tsumebite       1.00      1.00      1.00         1
                    Tsumoite       1.00      1.00      1.00         1
                   Tugtupite       1.00      1.00      1.00         1
                   Tumchaite       0.00      0.00      0.00         1
               Tundrite-(Ce)       1.00      1.00      1.00         1
                   Tunellite       1.00      1.00      1.00         1
                 Tungstenite       1.00      1.00      1.00         1
                   Tungstite       1.00      1.00      1.00         1
                   Tungusite       1.00      1.00      1.00         1
                    Tunisite       0.50      1.00      0.67         1
            Tuperssuatsiaite       0.00      0.00      0.00         1
                   Turquoise       0.00      0.00      0.00         1
                     Tychite       1.00      1.00      1.00         1
                    Tyrolite       0.50      1.00      0.67         1
                  Tyrrellite       1.00      1.00      1.00         1
                 Tyuyamunite       0.00      0.00      0.00         1
              Uchucchacuaite       0.00      0.00      0.00         1
                     Ulexite       0.00      0.00      0.00         1
                  Ullmannite       0.00      0.00      0.00         0
                  Uranophane       1.00      1.00      1.00         1
                   Uvarovite       1.00      1.00      1.00         1
                     Uzonite       0.00      0.00      0.00         1
                 Valentinite       1.00      1.00      1.00         2
                  Valleriite       1.00      1.00      1.00         1
                  Vanadinite       0.75      1.00      0.86         3
           Vanadiocarpholite       1.00      1.00      1.00         1
             Vandenbrandeite       1.00      1.00      1.00         1
          Vandendriesscheite       0.00      0.00      0.00         1
                 Varennesite       1.00      1.00      1.00         1
                   Variscite       1.00      0.50      0.67         2
                    Varulite       0.00      0.00      0.00         1
                    Vasilite       0.00      0.00      0.00         0
                Vauquelinite       0.00      0.00      0.00         1
                 Vayrynenite       1.00      1.00      1.00         1
                 Vermiculite       0.00      0.00      0.00         1
                   Vernadite       1.00      1.00      1.00         1
                  Vertumnite       1.00      1.00      1.00         1
                 Vesuvianite       0.75      0.75      0.75         4
                  Veszelyite       1.00      0.50      0.67         2
                   Vigezzite       1.00      1.00      1.00         1
                   Vivianite       0.57      1.00      0.73         4
                 Vladimirite       1.00      1.00      1.00         1
                 Volborthite       1.00      0.50      0.67         2
                   Vonsenite       0.00      0.00      0.00         1
                  Vuagnatite       1.00      1.00      1.00         1
                  Vuonnemite       0.00      0.00      0.00         1
                     Wadeite       1.00      1.00      1.00         1
                  Wadsleyite       1.00      1.00      1.00         1
                   Wagnerite       0.67      1.00      0.80         2
             Wakabayashilite       0.33      1.00      0.50         1
           Wakefieldite-(Ce)       1.00      1.00      1.00         1
                 Walstromite       1.00      1.00      1.00         1
                     Wardite       1.00      1.00      1.00         1
                 Warikahnite       1.00      1.00      1.00         1
                  Warwickite       0.50      1.00      0.67         1
                   Wavellite       0.00      0.00      0.00         1
                  Weddellite       0.00      0.00      0.00         1
               Wendwilsonite       0.67      1.00      0.80         6
                   Wherryite       0.00      0.00      0.00         1
                  Whewellite       0.50      1.00      0.67         1
           Whiteite-(CaFeMg)       0.00      0.00      0.00         1
                 Whitlockite       1.00      1.00      1.00         1
               Wickenburgite       0.00      0.00      0.00         1
                  Wickmanite       1.00      1.00      1.00         1
                    Wicksite       0.00      0.00      0.00         1
                Widenmannite       0.50      1.00      0.67         1
                   Willemite       1.00      1.00      1.00         1
                     Wiluite       0.00      0.00      0.00         1
                   Witherite       0.67      1.00      0.80         2
                Wittichenite       1.00      1.00      1.00         1
                   Wodginite       1.00      1.00      1.00         1
                   Wohlerite       0.00      0.00      0.00         1
                    Wolfeite       1.00      1.00      1.00         1
                Wollastonite       1.00      1.00      1.00         2
               Wolsendorfite       1.00      1.00      1.00         1
                 Woodwardite       1.00      1.00      1.00         1
               Wooldridgeite       1.00      1.00      1.00         1
                   Wulfenite       0.50      1.00      0.67         1
                    Wurtzite       0.00      0.00      0.00         1
                 Wyartite II       1.00      1.00      1.00         1
                Xanthoconite       0.00      0.00      0.00         1
                Xenotime-(Y)       1.00      1.00      1.00         1
               Xocomecatlite       0.00      0.00      0.00         1
                   Xonotlite       1.00      1.00      1.00         1
                     Yangite       1.00      1.00      1.00         1
                Yofortierite       0.00      0.00      0.00         1
                Yoshimuraite       1.00      1.00      1.00         1
     Yttrium aluminum garnet       1.00      1.00      1.00         1
          Yttrotantalite-(Y)       0.00      0.00      0.00         1
                Yugawaralite       1.00      1.00      1.00         1
                     Yvonite       0.00      0.00      0.00         1
                   Zalesiite       0.00      0.00      0.00         1
                  Zanazziite       0.00      0.00      0.00         1
                Zavaritskite       0.00      0.00      0.00         0
                  Zektzerite       0.00      0.00      0.00         0
                 Zeophyllite       0.00      0.00      0.00         1
              Zhanghuifenite       0.00      0.00      0.00         1
                        Zinc       1.00      1.00      1.00         1
                     Zincite       0.50      1.00      0.67         2
                   Zinkenite       0.00      0.00      0.00         1
                 Zinnwaldite       0.00      0.00      0.00         0
                      Zircon       0.50      1.00      0.67         4
                   Zirkelite       0.00      0.00      0.00         1
                   Znucalite       0.00      0.00      0.00         1
                     Zoisite       1.00      1.00      1.00         1
                     Zunyite       0.00      0.00      0.00         1
                  Zussmanite       1.00      1.00      1.00         1

                    accuracy                           0.60      1563
                   macro avg       0.50      0.55      0.51      1563
                weighted avg       0.53      0.60      0.55      1563

